<?xml version="1.0" encoding="UTF-8"?>
<testng-results skipped="0" failed="0" ignored="0" total="1" passed="1">
  <reporter-output>
  </reporter-output>
  <suite name="example.NewTest" duration-ms="23725" started-at="2020-09-28T14:44:42 IST" finished-at="2020-09-28T14:45:05 IST">
    <groups>
    </groups>
    <test name="Command line test" duration-ms="23725" started-at="2020-09-28T14:44:42 IST" finished-at="2020-09-28T14:45:05 IST">
      <class name="example.NewTest">
        <test-method status="PASS" signature="beforeTest()[pri:0, instance:example.NewTest@343f4d3d]" name="beforeTest" is-config="true" duration-ms="7571" started-at="2020-09-28T14:44:42 IST" finished-at="2020-09-28T14:44:49 IST">
          <reporter-output>
          </reporter-output>
        </test-method> <!-- beforeTest -->
        <test-method status="PASS" signature="testEasy()[pri:0, instance:example.NewTest@343f4d3d]" name="testEasy" duration-ms="12167" started-at="2020-09-28T14:44:49 IST" finished-at="2020-09-28T14:45:01 IST">
          <reporter-output>
          </reporter-output>
        </test-method> <!-- testEasy -->
        <test-method status="PASS" signature="afterTest()[pri:0, instance:example.NewTest@343f4d3d]" name="afterTest" is-config="true" duration-ms="3956" started-at="2020-09-28T14:45:01 IST" finished-at="2020-09-28T14:45:05 IST">
          <reporter-output>
          </reporter-output>
        </test-method> <!-- afterTest -->
      </class> <!-- example.NewTest -->
    </test> <!-- Command line test -->
  </suite> <!-- example.NewTest -->
</testng-results>
